<?xml version="1.0" encoding="UTF-8"?>
<robot generator="Robot 7.4.2 (Python 3.14.3 on win32)" generated="2026-03-26T18:44:53.978755" rpa="false" schemaversion="5">
<suite id="s1" name="Casos" source="C:\Users\norma\OneDrive\Escritorio\Documentos\GitHub\Practica1_252102_252770\Tests\casos.robot">
<test id="s1-t1" name="TC_000_Login_con_Credenciales_Validas" line="15">
<kw name="Set Selenium Speed" owner="SeleniumLibrary">
<arg>0.2s</arg>
<doc>Sets the delay that is waited after each Selenium command.</doc>
<status status="PASS" start="2026-03-26T18:44:54.370324" elapsed="0.000514"/>
</kw>
<kw name="Open Browser" owner="SeleniumLibrary">
<msg time="2026-03-26T18:44:54.371803" level="INFO">Opening browser 'chrome' to base url 'https://www.saucedemo.com/'.</msg>
<arg>${URL}</arg>
<arg>${browser}</arg>
<arg>options=add_argument("--incognito"); add_argument("--disable-notifications")</arg>
<doc>Opens a new browser instance to the optional ``url``.</doc>
<status status="PASS" start="2026-03-26T18:44:54.371288" elapsed="1.800121"/>
</kw>
<kw name="Maximize Browser Window" owner="SeleniumLibrary">
<doc>Maximizes current browser window.</doc>
<status status="PASS" start="2026-03-26T18:44:56.172160" elapsed="0.244346"/>
</kw>
<kw name="Go To" owner="SeleniumLibrary">
<msg time="2026-03-26T18:44:56.417422" level="INFO">Opening url 'https://www.saucedemo.com/'</msg>
<arg>${URL}</arg>
<doc>Navigates the current browser window to the provided ``url``.</doc>
<status status="PASS" start="2026-03-26T18:44:56.417014" elapsed="0.309227"/>
</kw>
<kw name="Input Text" owner="SeleniumLibrary">
<msg time="2026-03-26T18:44:56.729261" level="INFO">Typing text 'standard_user' into text field 'id=user-name'.</msg>
<arg>id=user-name</arg>
<arg>${username}</arg>
<doc>Types the given ``text`` into the text field identified by ``locator``.</doc>
<status status="PASS" start="2026-03-26T18:44:56.728226" elapsed="0.854446"/>
</kw>
<kw name="Input Password" owner="SeleniumLibrary">
<msg time="2026-03-26T18:44:57.584012" level="INFO">Typing password into text field 'id=password'.</msg>
<msg time="2026-03-26T18:44:58.046877" level="INFO">Temporally setting log level to: NONE</msg>
<arg>id=password</arg>
<arg>${password}</arg>
<doc>Types the given password into the text field identified by ``locator``.</doc>
<status status="PASS" start="2026-03-26T18:44:57.583383" elapsed="0.725290"/>
</kw>
<kw name="Click Button" owner="SeleniumLibrary">
<msg time="2026-03-26T18:44:58.309945" level="INFO">Clicking button 'id=login-button'.</msg>
<arg>id=login-button</arg>
<doc>Clicks the button identified by ``locator``.</doc>
<status status="PASS" start="2026-03-26T18:44:58.309415" elapsed="0.774965"/>
</kw>
<kw name="Page Should Contain" owner="SeleniumLibrary">
<msg time="2026-03-26T18:44:59.501963" level="INFO">Current page contains text 'Products'.</msg>
<arg>Products</arg>
<doc>Verifies that current page contains ``text``.</doc>
<status status="PASS" start="2026-03-26T18:44:59.085042" elapsed="0.417184"/>
</kw>
<kw name="Close Browser" owner="SeleniumLibrary" type="TEARDOWN">
<doc>Closes the current browser.</doc>
<status status="PASS" start="2026-03-26T18:44:59.503196" elapsed="2.415092"/>
</kw>
<status status="PASS" start="2026-03-26T18:44:54.367772" elapsed="7.551156"/>
</test>
<test id="s1-t2" name="TC_001_Login_con_Credenciales_Invalidas" line="27">
<kw name="Set Selenium Speed" owner="SeleniumLibrary">
<arg>0.2s</arg>
<doc>Sets the delay that is waited after each Selenium command.</doc>
<status status="PASS" start="2026-03-26T18:45:01.920735" elapsed="0.000452"/>
</kw>
<kw name="Open Browser" owner="SeleniumLibrary">
<msg time="2026-03-26T18:45:01.922053" level="INFO">Opening browser 'chrome' to base url 'https://www.saucedemo.com/'.</msg>
<arg>${URL}</arg>
<arg>${browser}</arg>
<arg>options=add_argument("--incognito"); add_argument("--disable-notifications")</arg>
<doc>Opens a new browser instance to the optional ``url``.</doc>
<status status="PASS" start="2026-03-26T18:45:01.921581" elapsed="1.776338"/>
</kw>
<kw name="Maximize Browser Window" owner="SeleniumLibrary">
<doc>Maximizes current browser window.</doc>
<status status="PASS" start="2026-03-26T18:45:03.698598" elapsed="0.243499"/>
</kw>
<kw name="Input Text" owner="SeleniumLibrary">
<msg time="2026-03-26T18:45:03.943385" level="INFO">Typing text 'username' into text field 'id=user-name'.</msg>
<arg>id=user-name</arg>
<arg>${wrong_username}</arg>
<doc>Types the given ``text`` into the text field identified by ``locator``.</doc>
<status status="PASS" start="2026-03-26T18:45:03.942725" elapsed="0.737541"/>
</kw>
<kw name="Input Password" owner="SeleniumLibrary">
<msg time="2026-03-26T18:45:04.681067" level="INFO">Typing password into text field 'id=password'.</msg>
<msg time="2026-03-26T18:45:05.115744" level="INFO">Temporally setting log level to: NONE</msg>
<arg>id=password</arg>
<arg>${wrong_password}</arg>
<doc>Types the given password into the text field identified by ``locator``.</doc>
<status status="PASS" start="2026-03-26T18:45:04.680705" elapsed="0.695665"/>
</kw>
<kw name="Click Button" owner="SeleniumLibrary">
<msg time="2026-03-26T18:45:05.377510" level="INFO">Clicking button 'id=login-button'.</msg>
<arg>id=login-button</arg>
<doc>Clicks the button identified by ``locator``.</doc>
<status status="PASS" start="2026-03-26T18:45:05.377047" elapsed="0.732471"/>
</kw>
<kw name="Element Should Contain" owner="SeleniumLibrary">
<msg time="2026-03-26T18:45:06.548028" level="INFO">Element 'css=h3[data-test="error"]' contains text 'Epic sadface: Username and password do not match any user in this service'.</msg>
<arg>css=h3[data-test="error"]</arg>
<arg>Epic sadface: Username and password do not match any user in this service</arg>
<doc>Verifies that element ``locator`` contains text ``expected``.</doc>
<status status="PASS" start="2026-03-26T18:45:06.110136" elapsed="0.438101"/>
</kw>
<kw name="Close Browser" owner="SeleniumLibrary" type="TEARDOWN">
<doc>Closes the current browser.</doc>
<status status="PASS" start="2026-03-26T18:45:06.549033" elapsed="2.380703"/>
</kw>
<status status="PASS" start="2026-03-26T18:45:01.919977" elapsed="7.010090"/>
</test>
<test id="s1-t3" name="TC_002_Login_Usuario_Bloqueado" line="37">
<kw name="Set Selenium Speed" owner="SeleniumLibrary">
<arg>0.2s</arg>
<doc>Sets the delay that is waited after each Selenium command.</doc>
<status status="PASS" start="2026-03-26T18:45:08.931383" elapsed="0.000344"/>
</kw>
<kw name="Open Browser" owner="SeleniumLibrary">
<msg time="2026-03-26T18:45:08.932667" level="INFO">Opening browser 'chrome' to base url 'https://www.saucedemo.com/'.</msg>
<arg>${URL}</arg>
<arg>${browser}</arg>
<arg>options=add_argument("--incognito"); add_argument("--disable-notifications")</arg>
<doc>Opens a new browser instance to the optional ``url``.</doc>
<status status="PASS" start="2026-03-26T18:45:08.932209" elapsed="1.958185"/>
</kw>
<kw name="Maximize Browser Window" owner="SeleniumLibrary">
<doc>Maximizes current browser window.</doc>
<status status="PASS" start="2026-03-26T18:45:10.891094" elapsed="0.238728"/>
</kw>
<kw name="Input Text" owner="SeleniumLibrary">
<msg time="2026-03-26T18:45:11.130675" level="INFO">Typing text 'locked_out_user' into text field 'id=user-name'.</msg>
<arg>id=user-name</arg>
<arg>${locked_user}</arg>
<doc>Types the given ``text`` into the text field identified by ``locator``.</doc>
<status status="PASS" start="2026-03-26T18:45:11.130294" elapsed="0.742828"/>
</kw>
<kw name="Input Password" owner="SeleniumLibrary">
<msg time="2026-03-26T18:45:11.874117" level="INFO">Typing password into text field 'id=password'.</msg>
<msg time="2026-03-26T18:45:12.309355" level="INFO">Temporally setting log level to: NONE</msg>
<arg>id=password</arg>
<arg>${password}</arg>
<doc>Types the given password into the text field identified by ``locator``.</doc>
<status status="PASS" start="2026-03-26T18:45:11.873635" elapsed="0.699449"/>
</kw>
<kw name="Click Button" owner="SeleniumLibrary">
<msg time="2026-03-26T18:45:12.573951" level="INFO">Clicking button 'id=login-button'.</msg>
<arg>id=login-button</arg>
<doc>Clicks the button identified by ``locator``.</doc>
<status status="PASS" start="2026-03-26T18:45:12.573644" elapsed="0.957066"/>
</kw>
<kw name="Element Should Contain" owner="SeleniumLibrary">
<msg time="2026-03-26T18:45:14.008681" level="INFO">Element 'css=h3[data-test="error"]' contains text 'Epic sadface: Sorry, this user has been locked out.'.</msg>
<arg>css=h3[data-test="error"]</arg>
<arg>Epic sadface: Sorry, this user has been locked out.</arg>
<doc>Verifies that element ``locator`` contains text ``expected``.</doc>
<status status="PASS" start="2026-03-26T18:45:13.532838" elapsed="0.476055"/>
</kw>
<kw name="Close Browser" owner="SeleniumLibrary" type="TEARDOWN">
<doc>Closes the current browser.</doc>
<status status="PASS" start="2026-03-26T18:45:14.009903" elapsed="2.380249"/>
</kw>
<status status="PASS" start="2026-03-26T18:45:08.930709" elapsed="7.459723"/>
</test>
<test id="s1-t4" name="TC_003_Agregar_Producto_Al_Carrito" line="47">
<kw name="Set Selenium Speed" owner="SeleniumLibrary">
<arg>0.2s</arg>
<doc>Sets the delay that is waited after each Selenium command.</doc>
<status status="PASS" start="2026-03-26T18:45:16.391589" elapsed="0.000292"/>
</kw>
<kw name="Open Browser" owner="SeleniumLibrary">
<msg time="2026-03-26T18:45:16.392482" level="INFO">Opening browser 'chrome' to base url 'https://www.saucedemo.com/'.</msg>
<arg>${URL}</arg>
<arg>${browser}</arg>
<arg>options=add_argument("--incognito"); add_argument("--disable-notifications")</arg>
<doc>Opens a new browser instance to the optional ``url``.</doc>
<status status="PASS" start="2026-03-26T18:45:16.392167" elapsed="1.853631"/>
</kw>
<kw name="Maximize Browser Window" owner="SeleniumLibrary">
<doc>Maximizes current browser window.</doc>
<status status="PASS" start="2026-03-26T18:45:18.246291" elapsed="0.248794"/>
</kw>
<kw name="Input Text" owner="SeleniumLibrary">
<msg time="2026-03-26T18:45:18.496103" level="INFO">Typing text 'standard_user' into text field 'id=user-name'.</msg>
<arg>id=user-name</arg>
<arg>${username}</arg>
<doc>Types the given ``text`` into the text field identified by ``locator``.</doc>
<status status="PASS" start="2026-03-26T18:45:18.495651" elapsed="0.741982"/>
</kw>
<kw name="Input Password" owner="SeleniumLibrary">
<msg time="2026-03-26T18:45:19.238418" level="INFO">Typing password into text field 'id=password'.</msg>
<msg time="2026-03-26T18:45:19.673540" level="INFO">Temporally setting log level to: NONE</msg>
<arg>id=password</arg>
<arg>${password}</arg>
<doc>Types the given password into the text field identified by ``locator``.</doc>
<status status="PASS" start="2026-03-26T18:45:19.238065" elapsed="0.697088"/>
</kw>
<kw name="Click Button" owner="SeleniumLibrary">
<msg time="2026-03-26T18:45:19.936094" level="INFO">Clicking button 'id=login-button'.</msg>
<arg>id=login-button</arg>
<doc>Clicks the button identified by ``locator``.</doc>
<status status="PASS" start="2026-03-26T18:45:19.935695" elapsed="0.811051"/>
</kw>
<kw name="Click Element" owner="SeleniumLibrary">
<msg time="2026-03-26T18:45:20.747814" level="INFO">Clicking element 'id=item_4_title_link'.</msg>
<arg>id=item_4_title_link</arg>
<doc>Click the element identified by ``locator``.</doc>
<status status="PASS" start="2026-03-26T18:45:20.747363" elapsed="0.516153"/>
</kw>
<kw name="Click Button" owner="SeleniumLibrary">
<msg time="2026-03-26T18:45:21.264235" level="INFO">Clicking button 'id=add-to-cart'.</msg>
<arg>id=add-to-cart</arg>
<doc>Clicks the button identified by ``locator``.</doc>
<status status="PASS" start="2026-03-26T18:45:21.263948" elapsed="1.093825"/>
</kw>
<kw name="Element Text Should Be" owner="SeleniumLibrary">
<msg time="2026-03-26T18:45:22.358526" level="INFO">Verifying element 'css=.shopping_cart_badge' contains exact text '1'.</msg>
<arg>css=.shopping_cart_badge</arg>
<arg>1</arg>
<doc>Verifies that element ``locator`` contains exact the text ``expected``.</doc>
<status status="PASS" start="2026-03-26T18:45:22.358196" elapsed="0.425946"/>
</kw>
<kw name="Close Browser" owner="SeleniumLibrary" type="TEARDOWN">
<doc>Closes the current browser.</doc>
<status status="PASS" start="2026-03-26T18:45:22.784960" elapsed="2.413519"/>
</kw>
<status status="PASS" start="2026-03-26T18:45:16.391074" elapsed="8.807683"/>
</test>
<test id="s1-t5" name="TC_004_Ordenar_Productos_Precio_Bajo_A_Alto_" line="59">
<kw name="Set Selenium Speed" owner="SeleniumLibrary">
<arg>0.2s</arg>
<doc>Sets the delay that is waited after each Selenium command.</doc>
<status status="PASS" start="2026-03-26T18:45:25.199810" elapsed="0.000282"/>
</kw>
<kw name="Open Browser" owner="SeleniumLibrary">
<msg time="2026-03-26T18:45:25.200663" level="INFO">Opening browser 'chrome' to base url 'https://www.saucedemo.com/'.</msg>
<arg>${URL}</arg>
<arg>${browser}</arg>
<arg>options=add_argument("--incognito"); add_argument("--disable-notifications")</arg>
<doc>Opens a new browser instance to the optional ``url``.</doc>
<status status="PASS" start="2026-03-26T18:45:25.200362" elapsed="1.235525"/>
</kw>
<kw name="Maximize Browser Window" owner="SeleniumLibrary">
<doc>Maximizes current browser window.</doc>
<status status="PASS" start="2026-03-26T18:45:26.436540" elapsed="0.674034"/>
</kw>
<kw name="Input Text" owner="SeleniumLibrary">
<msg time="2026-03-26T18:45:27.113846" level="INFO">Typing text 'standard_user' into text field 'id=user-name'.</msg>
<arg>id=user-name</arg>
<arg>${username}</arg>
<doc>Types the given ``text`` into the text field identified by ``locator``.</doc>
<status status="PASS" start="2026-03-26T18:45:27.111399" elapsed="0.754282"/>
</kw>
<kw name="Input Password" owner="SeleniumLibrary">
<msg time="2026-03-26T18:45:27.866474" level="INFO">Typing password into text field 'id=password'.</msg>
<msg time="2026-03-26T18:45:28.300598" level="INFO">Temporally setting log level to: NONE</msg>
<arg>id=password</arg>
<arg>${password}</arg>
<doc>Types the given password into the text field identified by ``locator``.</doc>
<status status="PASS" start="2026-03-26T18:45:27.866119" elapsed="0.700658"/>
</kw>
<kw name="Click Button" owner="SeleniumLibrary">
<msg time="2026-03-26T18:45:28.567764" level="INFO">Clicking button 'id=login-button'.</msg>
<arg>id=login-button</arg>
<doc>Clicks the button identified by ``locator``.</doc>
<status status="PASS" start="2026-03-26T18:45:28.567385" elapsed="0.757949"/>
</kw>
<kw name="Select From List By Value" owner="SeleniumLibrary">
<msg time="2026-03-26T18:45:29.326404" level="INFO">Selecting options from selection list 'css=[data-test="product-sort-container"]' by value lohi.</msg>
<arg>css=[data-test="product-sort-container"]</arg>
<arg>lohi</arg>
<doc>Selects options from selection list ``locator`` by ``values``.</doc>
<status status="PASS" start="2026-03-26T18:45:29.325954" elapsed="1.705731"/>
</kw>
<kw name="Get Text" owner="SeleniumLibrary">
<msg time="2026-03-26T18:45:31.461150" level="INFO">${first_item} = Sauce Labs Onesie</msg>
<var>${first_item}</var>
<arg>xpath=(//div[@class="inventory_item_name "])[1]</arg>
<doc>Returns the text value of the element identified by ``locator``.</doc>
<status status="PASS" start="2026-03-26T18:45:31.032231" elapsed="0.429013"/>
</kw>
<kw name="Should Be Equal As Strings" owner="BuiltIn">
<arg>${first_item}</arg>
<arg>Sauce Labs Onesie</arg>
<doc>Fails if objects are unequal after converting them to strings.</doc>
<status status="PASS" start="2026-03-26T18:45:31.461778" elapsed="0.000790"/>
</kw>
<kw name="Close Browser" owner="SeleniumLibrary" type="TEARDOWN">
<doc>Closes the current browser.</doc>
<status status="PASS" start="2026-03-26T18:45:31.463290" elapsed="2.448340"/>
</kw>
<status status="PASS" start="2026-03-26T18:45:25.199318" elapsed="8.712723"/>
</test>
<test id="s1-t6" name="TC_005_Eliminar_Producto_Del_Carrito" line="71">
<kw name="Set Selenium Speed" owner="SeleniumLibrary">
<arg>0.2s</arg>
<doc>Sets the delay that is waited after each Selenium command.</doc>
<status status="PASS" start="2026-03-26T18:45:33.913357" elapsed="0.000295"/>
</kw>
<kw name="Open Browser" owner="SeleniumLibrary">
<msg time="2026-03-26T18:45:33.914293" level="INFO">Opening browser 'chrome' to base url 'https://www.saucedemo.com/'.</msg>
<arg>${URL}</arg>
<arg>${browser}</arg>
<arg>options=add_argument("--incognito"); add_argument("--disable-notifications")</arg>
<doc>Opens a new browser instance to the optional ``url``.</doc>
<status status="PASS" start="2026-03-26T18:45:33.913978" elapsed="1.182118"/>
</kw>
<kw name="Maximize Browser Window" owner="SeleniumLibrary">
<doc>Maximizes current browser window.</doc>
<status status="PASS" start="2026-03-26T18:45:35.096577" elapsed="0.590858"/>
</kw>
<kw name="Input Text" owner="SeleniumLibrary">
<msg time="2026-03-26T18:45:35.688822" level="INFO">Typing text 'standard_user' into text field 'id=user-name'.</msg>
<arg>id=user-name</arg>
<arg>${username}</arg>
<doc>Types the given ``text`` into the text field identified by ``locator``.</doc>
<status status="PASS" start="2026-03-26T18:45:35.688356" elapsed="0.756934"/>
</kw>
<kw name="Input Password" owner="SeleniumLibrary">
<msg time="2026-03-26T18:45:36.446765" level="INFO">Typing password into text field 'id=password'.</msg>
<msg time="2026-03-26T18:45:36.881419" level="INFO">Temporally setting log level to: NONE</msg>
<arg>id=password</arg>
<arg>${password}</arg>
<doc>Types the given password into the text field identified by ``locator``.</doc>
<status status="PASS" start="2026-03-26T18:45:36.446088" elapsed="0.695497"/>
</kw>
<kw name="Click Button" owner="SeleniumLibrary">
<msg time="2026-03-26T18:45:37.142711" level="INFO">Clicking button 'id=login-button'.</msg>
<arg>id=login-button</arg>
<doc>Clicks the button identified by ``locator``.</doc>
<status status="PASS" start="2026-03-26T18:45:37.142271" elapsed="0.738483"/>
</kw>
<kw name="Click Button" owner="SeleniumLibrary">
<msg time="2026-03-26T18:45:37.881904" level="INFO">Clicking button 'id=add-to-cart-sauce-labs-backpack'.</msg>
<arg>id=add-to-cart-sauce-labs-backpack</arg>
<doc>Clicks the button identified by ``locator``.</doc>
<status status="PASS" start="2026-03-26T18:45:37.881405" elapsed="1.179769"/>
</kw>
<kw name="Click Link" owner="SeleniumLibrary">
<msg time="2026-03-26T18:45:39.062669" level="INFO">Clicking link 'class=shopping_cart_link'.</msg>
<arg>class=shopping_cart_link</arg>
<doc>Clicks a link identified by ``locator``.</doc>
<status status="PASS" start="2026-03-26T18:45:39.061862" elapsed="0.686529"/>
</kw>
<kw name="Click Button" owner="SeleniumLibrary">
<msg time="2026-03-26T18:45:39.749220" level="INFO">Clicking button 'id=remove-sauce-labs-backpack'.</msg>
<arg>id=remove-sauce-labs-backpack</arg>
<doc>Clicks the button identified by ``locator``.</doc>
<status status="PASS" start="2026-03-26T18:45:39.748844" elapsed="1.104472"/>
</kw>
<kw name="Page Should Not Contain Element" owner="SeleniumLibrary">
<msg time="2026-03-26T18:45:41.068969" level="INFO">Current page does not contain element 'css=.shopping_cart_badge'.</msg>
<arg>css=.shopping_cart_badge</arg>
<doc>Verifies that element ``locator`` is not found on the current page.</doc>
<status status="PASS" start="2026-03-26T18:45:40.853983" elapsed="0.215148"/>
</kw>
<kw name="Close Browser" owner="SeleniumLibrary" type="TEARDOWN">
<doc>Closes the current browser.</doc>
<status status="PASS" start="2026-03-26T18:45:41.069639" elapsed="2.421145"/>
</kw>
<status status="PASS" start="2026-03-26T18:45:33.912782" elapsed="9.578444"/>
</test>
<test id="s1-t7" name="TC_006_Ver_Detalle_De_Producto" line="84">
<kw name="Set Selenium Speed" owner="SeleniumLibrary">
<arg>0.2s</arg>
<doc>Sets the delay that is waited after each Selenium command.</doc>
<status status="PASS" start="2026-03-26T18:45:43.492638" elapsed="0.000289"/>
</kw>
<kw name="Open Browser" owner="SeleniumLibrary">
<msg time="2026-03-26T18:45:43.493559" level="INFO">Opening browser 'chrome' to base url 'https://www.saucedemo.com/'.</msg>
<arg>${URL}</arg>
<arg>${browser}</arg>
<arg>options=add_argument("--incognito"); add_argument("--disable-notifications")</arg>
<doc>Opens a new browser instance to the optional ``url``.</doc>
<status status="PASS" start="2026-03-26T18:45:43.493243" elapsed="1.855315"/>
</kw>
<kw name="Maximize Browser Window" owner="SeleniumLibrary">
<doc>Maximizes current browser window.</doc>
<status status="PASS" start="2026-03-26T18:45:45.349099" elapsed="0.241811"/>
</kw>
<kw name="Input Text" owner="SeleniumLibrary">
<msg time="2026-03-26T18:45:45.592135" level="INFO">Typing text 'standard_user' into text field 'id=user-name'.</msg>
<arg>id=user-name</arg>
<arg>${username}</arg>
<doc>Types the given ``text`` into the text field identified by ``locator``.</doc>
<status status="PASS" start="2026-03-26T18:45:45.591477" elapsed="0.749905"/>
</kw>
<kw name="Input Password" owner="SeleniumLibrary">
<msg time="2026-03-26T18:45:46.342516" level="INFO">Typing password into text field 'id=password'.</msg>
<msg time="2026-03-26T18:45:46.782372" level="INFO">Temporally setting log level to: NONE</msg>
<arg>id=password</arg>
<arg>${password}</arg>
<doc>Types the given password into the text field identified by ``locator``.</doc>
<status status="PASS" start="2026-03-26T18:45:46.341954" elapsed="0.700304"/>
</kw>
<kw name="Click Button" owner="SeleniumLibrary">
<msg time="2026-03-26T18:45:47.043601" level="INFO">Clicking button 'id=login-button'.</msg>
<arg>id=login-button</arg>
<doc>Clicks the button identified by ``locator``.</doc>
<status status="PASS" start="2026-03-26T18:45:47.043155" elapsed="0.809598"/>
</kw>
<kw name="Click Element" owner="SeleniumLibrary">
<msg time="2026-03-26T18:45:47.853874" level="INFO">Clicking element 'id=item_4_title_link'.</msg>
<arg>id=item_4_title_link</arg>
<doc>Click the element identified by ``locator``.</doc>
<status status="PASS" start="2026-03-26T18:45:47.853381" elapsed="0.512717"/>
</kw>
<kw name="Element Should Contain" owner="SeleniumLibrary">
<msg time="2026-03-26T18:45:48.798370" level="INFO">Element 'css=.inventory_details_name' contains text 'Sauce Labs Backpack'.</msg>
<arg>css=.inventory_details_name</arg>
<arg>Sauce Labs Backpack</arg>
<doc>Verifies that element ``locator`` contains text ``expected``.</doc>
<status status="PASS" start="2026-03-26T18:45:48.366726" elapsed="0.431806"/>
</kw>
<kw name="Page Should Contain" owner="SeleniumLibrary">
<msg time="2026-03-26T18:45:49.216481" level="INFO">Current page contains text '$29.99'.</msg>
<arg>$29.99</arg>
<doc>Verifies that current page contains ``text``.</doc>
<status status="PASS" start="2026-03-26T18:45:48.799048" elapsed="0.417724"/>
</kw>
<kw name="Close Browser" owner="SeleniumLibrary" type="TEARDOWN">
<doc>Closes the current browser.</doc>
<status status="PASS" start="2026-03-26T18:45:49.218011" elapsed="2.395251"/>
</kw>
<status status="PASS" start="2026-03-26T18:45:43.492119" elapsed="8.121575"/>
</test>
<test id="s1-t8" name="TC_007_Checkout_Flujo_Completo" line="96">
<kw name="Set Selenium Speed" owner="SeleniumLibrary">
<arg>0.2s</arg>
<doc>Sets the delay that is waited after each Selenium command.</doc>
<status status="PASS" start="2026-03-26T18:45:51.614814" elapsed="0.000284"/>
</kw>
<kw name="Open Browser" owner="SeleniumLibrary">
<msg time="2026-03-26T18:45:51.615696" level="INFO">Opening browser 'chrome' to base url 'https://www.saucedemo.com/'.</msg>
<arg>${URL}</arg>
<arg>${browser}</arg>
<arg>options=add_argument("--incognito"); add_argument("--disable-notifications")</arg>
<doc>Opens a new browser instance to the optional ``url``.</doc>
<status status="PASS" start="2026-03-26T18:45:51.615381" elapsed="1.179742"/>
</kw>
<kw name="Maximize Browser Window" owner="SeleniumLibrary">
<doc>Maximizes current browser window.</doc>
<status status="PASS" start="2026-03-26T18:45:52.795859" elapsed="0.606831"/>
</kw>
<kw name="Input Text" owner="SeleniumLibrary">
<msg time="2026-03-26T18:45:53.404116" level="INFO">Typing text 'standard_user' into text field 'id=user-name'.</msg>
<arg>id=user-name</arg>
<arg>${username}</arg>
<doc>Types the given ``text`` into the text field identified by ``locator``.</doc>
<status status="PASS" start="2026-03-26T18:45:53.403431" elapsed="0.749433"/>
</kw>
<kw name="Input Password" owner="SeleniumLibrary">
<msg time="2026-03-26T18:45:54.153926" level="INFO">Typing password into text field 'id=password'.</msg>
<msg time="2026-03-26T18:45:54.595711" level="INFO">Temporally setting log level to: NONE</msg>
<arg>id=password</arg>
<arg>${password}</arg>
<doc>Types the given password into the text field identified by ``locator``.</doc>
<status status="PASS" start="2026-03-26T18:45:54.153554" elapsed="0.702943"/>
</kw>
<kw name="Click Button" owner="SeleniumLibrary">
<msg time="2026-03-26T18:45:54.857183" level="INFO">Clicking button 'id=login-button'.</msg>
<arg>id=login-button</arg>
<doc>Clicks the button identified by ``locator``.</doc>
<status status="PASS" start="2026-03-26T18:45:54.856910" elapsed="0.743429"/>
</kw>
<kw name="Click Button" owner="SeleniumLibrary">
<msg time="2026-03-26T18:45:55.603000" level="INFO">Clicking button 'id=add-to-cart-sauce-labs-backpack'.</msg>
<arg>id=add-to-cart-sauce-labs-backpack</arg>
<doc>Clicks the button identified by ``locator``.</doc>
<status status="PASS" start="2026-03-26T18:45:55.602492" elapsed="1.103921"/>
</kw>
<kw name="Click Link" owner="SeleniumLibrary">
<msg time="2026-03-26T18:45:56.707503" level="INFO">Clicking link 'class=shopping_cart_link'.</msg>
<arg>class=shopping_cart_link</arg>
<doc>Clicks a link identified by ``locator``.</doc>
<status status="PASS" start="2026-03-26T18:45:56.707068" elapsed="0.675111"/>
</kw>
<kw name="Click Button" owner="SeleniumLibrary">
<msg time="2026-03-26T18:45:57.383380" level="INFO">Clicking button 'id=checkout'.</msg>
<arg>id=checkout</arg>
<doc>Clicks the button identified by ``locator``.</doc>
<status status="PASS" start="2026-03-26T18:45:57.382927" elapsed="1.123762"/>
</kw>
<kw name="Input Text" owner="SeleniumLibrary">
<msg time="2026-03-26T18:45:58.507636" level="INFO">Typing text 'Juan' into text field 'id=first-name'.</msg>
<arg>id=first-name</arg>
<arg>Juan</arg>
<doc>Types the given ``text`` into the text field identified by ``locator``.</doc>
<status status="PASS" start="2026-03-26T18:45:58.507289" elapsed="0.703278"/>
</kw>
<kw name="Input Text" owner="SeleniumLibrary">
<msg time="2026-03-26T18:45:59.211534" level="INFO">Typing text 'Perez' into text field 'id=last-name'.</msg>
<arg>id=last-name</arg>
<arg>Perez</arg>
<doc>Types the given ``text`` into the text field identified by ``locator``.</doc>
<status status="PASS" start="2026-03-26T18:45:59.211110" elapsed="0.709223"/>
</kw>
<kw name="Input Text" owner="SeleniumLibrary">
<msg time="2026-03-26T18:45:59.921401" level="INFO">Typing text '12345' into text field 'id=postal-code'.</msg>
<arg>id=postal-code</arg>
<arg>12345</arg>
<doc>Types the given ``text`` into the text field identified by ``locator``.</doc>
<status status="PASS" start="2026-03-26T18:45:59.920976" elapsed="0.695106"/>
</kw>
<kw name="Click Button" owner="SeleniumLibrary">
<msg time="2026-03-26T18:46:00.617125" level="INFO">Clicking button 'id=continue'.</msg>
<arg>id=continue</arg>
<doc>Clicks the button identified by ``locator``.</doc>
<status status="PASS" start="2026-03-26T18:46:00.616689" elapsed="0.702997"/>
</kw>
<kw name="Click Button" owner="SeleniumLibrary">
<msg time="2026-03-26T18:46:01.320829" level="INFO">Clicking button 'id=finish'.</msg>
<arg>id=finish</arg>
<doc>Clicks the button identified by ``locator``.</doc>
<status status="PASS" start="2026-03-26T18:46:01.320378" elapsed="1.111318"/>
</kw>
<kw name="Element Should Contain" owner="SeleniumLibrary">
<msg time="2026-03-26T18:46:02.862603" level="INFO">Element 'css=.complete-header' contains text 'Thank you for your order!'.</msg>
<arg>css=.complete-header</arg>
<arg>Thank you for your order!</arg>
<doc>Verifies that element ``locator`` contains text ``expected``.</doc>
<status status="PASS" start="2026-03-26T18:46:02.432102" elapsed="0.430664"/>
</kw>
<kw name="Close Browser" owner="SeleniumLibrary" type="TEARDOWN">
<doc>Closes the current browser.</doc>
<status status="PASS" start="2026-03-26T18:46:02.863275" elapsed="2.398033"/>
</kw>
<status status="PASS" start="2026-03-26T18:45:51.614302" elapsed="13.647315"/>
</test>
<test id="s1-t9" name="TC_008_Logout_Exitoso" line="115">
<kw name="Set Selenium Speed" owner="SeleniumLibrary">
<arg>0.2s</arg>
<doc>Sets the delay that is waited after each Selenium command.</doc>
<status status="PASS" start="2026-03-26T18:46:05.262821" elapsed="0.000307"/>
</kw>
<kw name="Open Browser" owner="SeleniumLibrary">
<msg time="2026-03-26T18:46:05.263754" level="INFO">Opening browser 'chrome' to base url 'https://www.saucedemo.com/'.</msg>
<arg>${URL}</arg>
<arg>${browser}</arg>
<arg>options=add_argument("--incognito"); add_argument("--disable-notifications")</arg>
<doc>Opens a new browser instance to the optional ``url``.</doc>
<status status="PASS" start="2026-03-26T18:46:05.263430" elapsed="1.876102"/>
</kw>
<kw name="Maximize Browser Window" owner="SeleniumLibrary">
<doc>Maximizes current browser window.</doc>
<status status="PASS" start="2026-03-26T18:46:07.140287" elapsed="0.247778"/>
</kw>
<kw name="Input Text" owner="SeleniumLibrary">
<msg time="2026-03-26T18:46:07.389183" level="INFO">Typing text 'standard_user' into text field 'id=user-name'.</msg>
<arg>id=user-name</arg>
<arg>${username}</arg>
<doc>Types the given ``text`` into the text field identified by ``locator``.</doc>
<status status="PASS" start="2026-03-26T18:46:07.388689" elapsed="0.740304"/>
</kw>
<kw name="Input Password" owner="SeleniumLibrary">
<msg time="2026-03-26T18:46:08.130182" level="INFO">Typing password into text field 'id=password'.</msg>
<msg time="2026-03-26T18:46:08.576939" level="INFO">Temporally setting log level to: NONE</msg>
<arg>id=password</arg>
<arg>${password}</arg>
<doc>Types the given password into the text field identified by ``locator``.</doc>
<status status="PASS" start="2026-03-26T18:46:08.129589" elapsed="0.715041"/>
</kw>
<kw name="Click Button" owner="SeleniumLibrary">
<msg time="2026-03-26T18:46:08.845310" level="INFO">Clicking button 'id=login-button'.</msg>
<arg>id=login-button</arg>
<doc>Clicks the button identified by ``locator``.</doc>
<status status="PASS" start="2026-03-26T18:46:08.845034" elapsed="0.789320"/>
</kw>
<kw name="Click Button" owner="SeleniumLibrary">
<msg time="2026-03-26T18:46:09.635459" level="INFO">Clicking button 'id=react-burger-menu-btn'.</msg>
<arg>id=react-burger-menu-btn</arg>
<doc>Clicks the button identified by ``locator``.</doc>
<status status="PASS" start="2026-03-26T18:46:09.634982" elapsed="1.098192"/>
</kw>
<kw name="Wait Until Element Is Visible" owner="SeleniumLibrary">
<arg>id=logout_sidebar_link</arg>
<arg>5s</arg>
<doc>Waits until the element ``locator`` is visible.</doc>
<status status="PASS" start="2026-03-26T18:46:10.733804" elapsed="0.423926"/>
</kw>
<kw name="Click Link" owner="SeleniumLibrary">
<msg time="2026-03-26T18:46:11.158839" level="INFO">Clicking link 'id=logout_sidebar_link'.</msg>
<arg>id=logout_sidebar_link</arg>
<doc>Clicks a link identified by ``locator``.</doc>
<status status="PASS" start="2026-03-26T18:46:11.158331" elapsed="0.686844"/>
</kw>
<kw name="Element Should Be Visible" owner="SeleniumLibrary">
<msg time="2026-03-26T18:46:12.266470" level="INFO">Element 'id=login-button' is displayed.</msg>
<arg>id=login-button</arg>
<doc>Verifies that the element identified by ``locator`` is visible.</doc>
<status status="PASS" start="2026-03-26T18:46:11.845782" elapsed="0.421042"/>
</kw>
<kw name="Close Browser" owner="SeleniumLibrary" type="TEARDOWN">
<doc>Closes the current browser.</doc>
<status status="PASS" start="2026-03-26T18:46:12.267485" elapsed="2.486801"/>
</kw>
<status status="PASS" start="2026-03-26T18:46:05.262241" elapsed="9.492584"/>
</test>
<test id="s1-t10" name="TC_009_Resetear_Estado_App" line="128">
<kw name="Set Selenium Speed" owner="SeleniumLibrary">
<arg>0.2s</arg>
<doc>Sets the delay that is waited after each Selenium command.</doc>
<status status="PASS" start="2026-03-26T18:46:14.757103" elapsed="0.000450"/>
</kw>
<kw name="Open Browser" owner="SeleniumLibrary">
<msg time="2026-03-26T18:46:14.758643" level="INFO">Opening browser 'chrome' to base url 'https://www.saucedemo.com/'.</msg>
<arg>${URL}</arg>
<arg>${browser}</arg>
<arg>options=add_argument("--incognito"); add_argument("--disable-notifications")</arg>
<doc>Opens a new browser instance to the optional ``url``.</doc>
<status status="PASS" start="2026-03-26T18:46:14.758124" elapsed="1.821228"/>
</kw>
<kw name="Maximize Browser Window" owner="SeleniumLibrary">
<doc>Maximizes current browser window.</doc>
<status status="PASS" start="2026-03-26T18:46:16.579973" elapsed="0.250809"/>
</kw>
<kw name="Input Text" owner="SeleniumLibrary">
<msg time="2026-03-26T18:46:16.832119" level="INFO">Typing text 'standard_user' into text field 'id=user-name'.</msg>
<arg>id=user-name</arg>
<arg>${username}</arg>
<doc>Types the given ``text`` into the text field identified by ``locator``.</doc>
<status status="PASS" start="2026-03-26T18:46:16.831485" elapsed="0.757930"/>
</kw>
<kw name="Input Password" owner="SeleniumLibrary">
<msg time="2026-03-26T18:46:17.590554" level="INFO">Typing password into text field 'id=password'.</msg>
<msg time="2026-03-26T18:46:18.041930" level="INFO">Temporally setting log level to: NONE</msg>
<arg>id=password</arg>
<arg>${password}</arg>
<doc>Types the given password into the text field identified by ``locator``.</doc>
<status status="PASS" start="2026-03-26T18:46:17.590051" elapsed="0.715076"/>
</kw>
<kw name="Click Button" owner="SeleniumLibrary">
<msg time="2026-03-26T18:46:18.306032" level="INFO">Clicking button 'id=login-button'.</msg>
<arg>id=login-button</arg>
<doc>Clicks the button identified by ``locator``.</doc>
<status status="PASS" start="2026-03-26T18:46:18.305665" elapsed="0.788480"/>
</kw>
<kw name="Click Button" owner="SeleniumLibrary">
<msg time="2026-03-26T18:46:19.095222" level="INFO">Clicking button 'id=add-to-cart-sauce-labs-backpack'.</msg>
<arg>id=add-to-cart-sauce-labs-backpack</arg>
<doc>Clicks the button identified by ``locator``.</doc>
<status status="PASS" start="2026-03-26T18:46:19.094742" elapsed="1.100327"/>
</kw>
<kw name="Element Should Be Visible" owner="SeleniumLibrary">
<msg time="2026-03-26T18:46:20.619255" level="INFO">Element 'css=.shopping_cart_badge' is displayed.</msg>
<arg>css=.shopping_cart_badge</arg>
<doc>Verifies that the element identified by ``locator`` is visible.</doc>
<status status="PASS" start="2026-03-26T18:46:20.195510" elapsed="0.423999"/>
</kw>
<kw name="Click Button" owner="SeleniumLibrary">
<msg time="2026-03-26T18:46:20.620458" level="INFO">Clicking button 'id=react-burger-menu-btn'.</msg>
<arg>id=react-burger-menu-btn</arg>
<doc>Clicks the button identified by ``locator``.</doc>
<status status="PASS" start="2026-03-26T18:46:20.620090" elapsed="1.105511"/>
</kw>
<kw name="Wait Until Element Is Visible" owner="SeleniumLibrary">
<arg>id=reset_sidebar_link</arg>
<arg>10s</arg>
<doc>Waits until the element ``locator`` is visible.</doc>
<status status="PASS" start="2026-03-26T18:46:21.726519" elapsed="0.423473"/>
</kw>
<kw name="Click Element" owner="SeleniumLibrary">
<msg time="2026-03-26T18:46:22.150818" level="INFO">Clicking element 'id=reset_sidebar_link'.</msg>
<arg>id=reset_sidebar_link</arg>
<doc>Click the element identified by ``locator``.</doc>
<status status="PASS" start="2026-03-26T18:46:22.150522" elapsed="0.485513"/>
</kw>
<kw name="Click Link" owner="SeleniumLibrary">
<msg time="2026-03-26T18:46:22.636751" level="INFO">Clicking link 'class=shopping_cart_link'.</msg>
<arg>class=shopping_cart_link</arg>
<doc>Clicks a link identified by ``locator``.</doc>
<status status="PASS" start="2026-03-26T18:46:22.636458" elapsed="0.680715"/>
</kw>
<kw name="Page Should Not Contain Element" owner="SeleniumLibrary">
<msg time="2026-03-26T18:46:23.529321" level="INFO">Current page does not contain element 'css=.cart_item'.</msg>
<arg>css=.cart_item</arg>
<doc>Verifies that element ``locator`` is not found on the current page.</doc>
<status status="PASS" start="2026-03-26T18:46:23.317599" elapsed="0.211883"/>
</kw>
<kw name="Close Browser" owner="SeleniumLibrary" type="TEARDOWN">
<doc>Closes the current browser.</doc>
<status status="PASS" start="2026-03-26T18:46:23.529984" elapsed="2.394113"/>
</kw>
<status status="PASS" start="2026-03-26T18:46:14.756120" elapsed="11.168318"/>
</test>
<test id="s1-t11" name="TC_010_Error_Checkout_Informacion_Vacia" line="144">
<kw name="Set Selenium Speed" owner="SeleniumLibrary">
<arg>0.2s</arg>
<doc>Sets the delay that is waited after each Selenium command.</doc>
<status status="PASS" start="2026-03-26T18:46:25.925532" elapsed="0.000283"/>
</kw>
<kw name="Open Browser" owner="SeleniumLibrary">
<msg time="2026-03-26T18:46:25.926404" level="INFO">Opening browser 'chrome' to base url 'https://www.saucedemo.com/'.</msg>
<arg>${URL}</arg>
<arg>${browser}</arg>
<arg>options=add_argument("--incognito"); add_argument("--disable-notifications")</arg>
<doc>Opens a new browser instance to the optional ``url``.</doc>
<status status="PASS" start="2026-03-26T18:46:25.926093" elapsed="1.191556"/>
</kw>
<kw name="Maximize Browser Window" owner="SeleniumLibrary">
<doc>Maximizes current browser window.</doc>
<status status="PASS" start="2026-03-26T18:46:27.118243" elapsed="0.694314"/>
</kw>
<kw name="Input Text" owner="SeleniumLibrary">
<msg time="2026-03-26T18:46:27.814093" level="INFO">Typing text 'standard_user' into text field 'id=user-name'.</msg>
<arg>id=user-name</arg>
<arg>${username}</arg>
<doc>Types the given ``text`` into the text field identified by ``locator``.</doc>
<status status="PASS" start="2026-03-26T18:46:27.813228" elapsed="0.745155"/>
</kw>
<kw name="Input Password" owner="SeleniumLibrary">
<msg time="2026-03-26T18:46:28.559748" level="INFO">Typing password into text field 'id=password'.</msg>
<msg time="2026-03-26T18:46:28.995587" level="INFO">Temporally setting log level to: NONE</msg>
<arg>id=password</arg>
<arg>${password}</arg>
<doc>Types the given password into the text field identified by ``locator``.</doc>
<status status="PASS" start="2026-03-26T18:46:28.559038" elapsed="0.698144"/>
</kw>
<kw name="Click Button" owner="SeleniumLibrary">
<msg time="2026-03-26T18:46:29.258243" level="INFO">Clicking button 'id=login-button'.</msg>
<arg>id=login-button</arg>
<doc>Clicks the button identified by ``locator``.</doc>
<status status="PASS" start="2026-03-26T18:46:29.257795" elapsed="0.758269"/>
</kw>
<kw name="Click Link" owner="SeleniumLibrary">
<msg time="2026-03-26T18:46:30.017307" level="INFO">Clicking link 'class=shopping_cart_link'.</msg>
<arg>class=shopping_cart_link</arg>
<doc>Clicks a link identified by ``locator``.</doc>
<status status="PASS" start="2026-03-26T18:46:30.016759" elapsed="0.709082"/>
</kw>
<kw name="Click Button" owner="SeleniumLibrary">
<msg time="2026-03-26T18:46:30.726564" level="INFO">Clicking button 'id=checkout'.</msg>
<arg>id=checkout</arg>
<doc>Clicks the button identified by ``locator``.</doc>
<status status="PASS" start="2026-03-26T18:46:30.726263" elapsed="1.120990"/>
</kw>
<kw name="Click Button" owner="SeleniumLibrary">
<msg time="2026-03-26T18:46:31.847962" level="INFO">Clicking button 'id=continue'.</msg>
<arg>id=continue</arg>
<doc>Clicks the button identified by ``locator``.</doc>
<status status="PASS" start="2026-03-26T18:46:31.847677" elapsed="0.689739"/>
</kw>
<kw name="Element Should Contain" owner="SeleniumLibrary">
<msg time="2026-03-26T18:46:32.966051" level="INFO">Element 'css=h3[data-test="error"]' contains text 'Error: First Name is required'.</msg>
<arg>css=h3[data-test="error"]</arg>
<arg>Error: First Name is required</arg>
<doc>Verifies that element ``locator`` contains text ``expected``.</doc>
<status status="PASS" start="2026-03-26T18:46:32.537970" elapsed="0.428374"/>
</kw>
<kw name="Close Browser" owner="SeleniumLibrary" type="TEARDOWN">
<doc>Closes the current browser.</doc>
<status status="PASS" start="2026-03-26T18:46:32.967402" elapsed="2.418088"/>
</kw>
<status status="PASS" start="2026-03-26T18:46:25.925031" elapsed="9.460820"/>
</test>
<status status="PASS" start="2026-03-26T18:44:53.981450" elapsed="101.405761"/>
</suite>
<statistics>
<total>
<stat pass="11" fail="0" skip="0">All Tests</stat>
</total>
<tag>
</tag>
<suite>
<stat name="Casos" id="s1" pass="11" fail="0" skip="0">Casos</stat>
</suite>
</statistics>
<errors>
</errors>
</robot>
